<?xml version="1.0" encoding="UTF-8"?>
<!-- Generated by org.testng.reporters.JUnitReportReporter -->
<testsuite hostname="ImPacific" failures="0" tests="3" name="com.Api.RestAssured.Practice.Demo.CreateUserWithList" time="16.059" errors="0" timestamp="2025-09-06T21:37:41 IST" skipped="1">
  <testcase classname="com.Api.RestAssured.Practice.Demo.CreateUserWithList" name="validateStatusCode" time="2.160"/>
  <system-out/>
  <testcase classname="com.Api.RestAssured.Practice.Demo.CreateUserWithList" name="validateCreatedData" time="9.293">
    <skipped/>
  </testcase> <!-- validateCreatedData -->
  <system-out/>
  <testcase classname="com.Api.RestAssured.Practice.Demo.CreateUserWithList" name="validateCreatedData" time="4.606"/>
  <system-out/>
</testsuite> <!-- com.Api.RestAssured.Practice.Demo.CreateUserWithList -->
