<?xml version="1.0" encoding="UTF-8"?>
<!-- Generated by org.testng.reporters.JUnitReportReporter -->
<testsuite hostname="ImPacific" failures="0" tests="9" name="com.Api.RestAssured.Practice.Demo.GetAllProducts" time="6.133" errors="0" timestamp="23 Aug 2025 15:51:08 GMT" skipped="0">
  <testcase classname="com.Api.RestAssured.Practice.Demo.GetAllProducts" name="verifyCatagories" time="0.342"/>
  <testcase classname="com.Api.RestAssured.Practice.Demo.GetAllProducts" name="verifyContentType" time="0.249"/>
  <testcase classname="com.Api.RestAssured.Practice.Demo.GetAllProducts" name="getAllProducts" time="2.878"/>
  <testcase classname="com.Api.RestAssured.Practice.Demo.GetAllProducts" name="verifyResponseTime" time="0.390"/>
  <testcase classname="com.Api.RestAssured.Practice.Demo.GetAllProducts" name="verifyTitlesAndDescriptionsNotEmpty" time="0.302"/>
  <testcase classname="com.Api.RestAssured.Practice.Demo.GetAllProducts" name="verifyStatusCode" time="0.336"/>
  <testcase classname="com.Api.RestAssured.Practice.Demo.GetAllProducts" name="verifyNumberOfProducts" time="1.015"/>
  <testcase classname="com.Api.RestAssured.Practice.Demo.GetAllProducts" name="verifyUnqueProductIDs" time="0.382"/>
  <testcase classname="com.Api.RestAssured.Practice.Demo.GetAllProducts" name="verifySchema" time="0.239"/>
</testsuite> <!-- com.Api.RestAssured.Practice.Demo.GetAllProducts -->
