<?xml version="1.0" encoding="UTF-8"?>
<!-- Generated by org.testng.reporters.JUnitReportReporter -->
<testsuite hostname="ImPacific" failures="0" tests="1" name="com.Api.RestAssured.Practice.Demo.EasyAPIScenarios" time="2.887" errors="0" timestamp="18 Aug 2025 20:25:37 GMT" skipped="0">
  <testcase classname="com.Api.RestAssured.Practice.Demo.EasyAPIScenarios" name="uploadImage" time="2.887"/>
</testsuite> <!-- com.Api.RestAssured.Practice.Demo.EasyAPIScenarios -->
