<?xml version="1.0" encoding="UTF-8"?>
<!-- Generated by org.testng.reporters.JUnitReportReporter -->
<testsuite hostname="ImPacific" failures="0" tests="1" name="com.Api.RestAssured.Practice.Demo.CreateUserWithList" time="2.118" errors="1" timestamp="30 Aug 2025 14:36:00 GMT" skipped="0">
  <testcase classname="com.Api.RestAssured.Practice.Demo.CreateUserWithList" name="validateStatusCode" time="2.118">
    <error/>
  </testcase> <!-- validateStatusCode -->
</testsuite> <!-- com.Api.RestAssured.Practice.Demo.CreateUserWithList -->
