<?xml version="1.0" encoding="UTF-8"?>
<!-- Generated by org.testng.reporters.JUnitReportReporter -->
<testsuite hostname="ImPacific" failures="0" tests="11" name="com.Api.RestAssured.Practice.Demo.FirstClass" time="3.924" errors="0" timestamp="30 Aug 2025 11:50:45 GMT" skipped="1">
  <testcase classname="com.Api.RestAssured.Practice.Demo.FirstClass" name="printTestData" time="0.001"/>
  <testcase classname="com.Api.RestAssured.Practice.Demo.FirstClass" name="sample" time="0.546"/>
  <testcase classname="com.Api.RestAssured.Practice.Demo.FirstClass" name="printTestData" time="0.001"/>
  <testcase classname="com.Api.RestAssured.Practice.Demo.FirstClass" name="fetchResponseHeaders" time="0.115"/>
  <testcase classname="com.Api.RestAssured.Practice.Demo.FirstClass" name="bodyJsonFile" time="0.630"/>
  <testcase classname="com.Api.RestAssured.Practice.Demo.FirstClass" name="bodyUsingPOJO" time="0.832"/>
  <testcase classname="com.Api.RestAssured.Practice.Demo.FirstClass" name="sample3" time="0.002"/>
  <testcase classname="com.Api.RestAssured.Practice.Demo.FirstClass" name="bodyAsString" time="1.238"/>
  <testcase classname="com.Api.RestAssured.Practice.Demo.FirstClass" name="validateDataofFirstUser" time="0.558"/>
  <testcase classname="com.Api.RestAssured.Practice.Demo.FirstClass" name="printTestData" time="0.001"/>
  <testcase classname="com.Api.RestAssured.Practice.Demo.FirstClass" name="uploadFile">
    <skipped/>
  </testcase> <!-- uploadFile -->
</testsuite> <!-- com.Api.RestAssured.Practice.Demo.FirstClass -->
