<?xml version="1.0" encoding="UTF-8"?>
<!-- Generated by org.testng.reporters.JUnitReportReporter -->
<testsuite hostname="ImPacific" failures="0" tests="1" name="com.Api.RestAssured.Practice.Demo.SecondClass" time="2.389" errors="0" timestamp="15 Aug 2025 16:25:22 GMT" skipped="0">
  <testcase classname="com.Api.RestAssured.Practice.Demo.SecondClass" name="validateGetRequestWithDataFromJsonFile" time="2.389"/>
</testsuite> <!-- com.Api.RestAssured.Practice.Demo.SecondClass -->
