<?xml version="1.0" encoding="UTF-8"?>
<!-- Generated by org.testng.reporters.JUnitReportReporter -->
<testsuite hostname="ImPacific" failures="0" tests="2" name="com.Api.RestAssured.Practice.Demo.CreateUserWithListTest" time="12.725" errors="0" timestamp="2025-09-06T21:52:47 IST" skipped="0">
  <testcase classname="com.Api.RestAssured.Practice.Demo.CreateUserWithListTest" name="validateStatusCode" time="3.331"/>
  <system-out/>
  <testcase classname="com.Api.RestAssured.Practice.Demo.CreateUserWithListTest" name="validateCreatedData" time="9.394"/>
  <system-out/>
</testsuite> <!-- com.Api.RestAssured.Practice.Demo.CreateUserWithListTest -->
