<?xml version="1.0" encoding="UTF-8"?>
<!-- Generated by org.testng.reporters.JUnitReportReporter -->
<testsuite hostname="ImPacific" failures="0" tests="1" name="com.Api.RestAssured.Practice.Demo.FakeAPI" time="2.246" errors="0" timestamp="21 Aug 2025 05:31:54 GMT" skipped="0">
  <testcase classname="com.Api.RestAssured.Practice.Demo.FakeAPI" name="getAllProducts" time="2.246"/>
</testsuite> <!-- com.Api.RestAssured.Practice.Demo.FakeAPI -->
