<?xml version="1.0" encoding="UTF-8"?>
<!-- Generated by org.testng.reporters.JUnitReportReporter -->
<testsuite hostname="ImPacific" failures="0" tests="3" name="com.Api.RestAssured.Practice.Demo.CreateUserWithListTest" time="74.545" errors="0" timestamp="2025-09-06T22:18:58 IST" skipped="1">
  <testcase classname="com.Api.RestAssured.Practice.Demo.CreateUserWithListTest" name="validateCreatedData" time="20.714">
    <skipped/>
  </testcase> <!-- validateCreatedData -->
  <system-out/>
  <testcase classname="com.Api.RestAssured.Practice.Demo.CreateUserWithListTest" name="validateCreatedData" time="45.500"/>
  <system-out/>
  <testcase classname="com.Api.RestAssured.Practice.Demo.CreateUserWithListTest" name="validateStatusCode" time="8.331"/>
  <system-out/>
</testsuite> <!-- com.Api.RestAssured.Practice.Demo.CreateUserWithListTest -->
